<?xml version="1.0" encoding="UTF-8"?>
<!-- Generated by org.testng.reporters.JUnitReportReporter -->
<testsuite hostname="LAPTOP-QG62IU1U" failures="0" tests="1" name="com.activities.GetActivities" time="4.626" errors="0" timestamp="2025-02-07T02:06:09 IST" skipped="0">
  <testcase classname="com.activities.GetActivities" name="verifyStatusCode" time="4.626"/>
</testsuite> <!-- com.activities.GetActivities -->
